0 info it worked if it ends with ok
1 verbose cli [ '/usr/local/bin/node',
1 verbose cli   '/usr/local/bin/npm',
1 verbose cli   'install',
1 verbose cli   '-g',
1 verbose cli   'jade' ]
2 info using npm@2.14.12
3 info using node@v4.2.6
4 verbose install initial load of /usr/local/lib/package.json
5 verbose readDependencies loading dependencies from /usr/local/lib/package.json
6 silly cache add args [ 'jade', null ]
7 verbose cache add spec jade
8 silly cache add parsed spec Result {
8 silly cache add   raw: 'jade',
8 silly cache add   scope: null,
8 silly cache add   name: 'jade',
8 silly cache add   rawSpec: '',
8 silly cache add   spec: 'latest',
8 silly cache add   type: 'tag' }
9 silly addNamed jade@latest
10 verbose addNamed "latest" is being treated as a dist-tag for jade
11 info addNameTag [ 'jade', 'latest' ]
12 silly mapToRegistry name jade
13 silly mapToRegistry using default registry
14 silly mapToRegistry registry https://registry.npmjs.org/
15 silly mapToRegistry uri https://registry.npmjs.org/jade
16 verbose addNameTag registry:https://registry.npmjs.org/jade not in flight; fetching
17 verbose request uri https://registry.npmjs.org/jade
18 verbose request no auth needed
19 info attempt registry request try #1 at 15:04:31
20 verbose request id ac6adc82141a7b17
21 verbose etag "CG452O2VPBVA18789QV8RKH9M"
22 http request GET https://registry.npmjs.org/jade
23 http 200 https://registry.npmjs.org/jade
24 verbose headers { server: 'CouchDB/1.5.0 (Erlang OTP/R16B03)',
24 verbose headers   etag: '"20NRNBOLS4QZRDJKO2H7T04QZ"',
24 verbose headers   'content-type': 'application/json',
24 verbose headers   'content-encoding': 'gzip',
24 verbose headers   'cache-control': 'max-age=300',
24 verbose headers   'content-length': '19444',
24 verbose headers   'accept-ranges': 'bytes',
24 verbose headers   date: 'Fri, 29 Apr 2016 06:04:31 GMT',
24 verbose headers   via: '1.1 varnish',
24 verbose headers   age: '61',
24 verbose headers   connection: 'keep-alive',
24 verbose headers   'x-served-by': 'cache-nrt6133-NRT',
24 verbose headers   'x-cache': 'HIT',
24 verbose headers   'x-cache-hits': '2',
24 verbose headers   'x-timer': 'S1461909871.150983,VS0,VE0',
24 verbose headers   vary: 'Accept-Encoding' }
25 silly get cb [ 200,
25 silly get   { server: 'CouchDB/1.5.0 (Erlang OTP/R16B03)',
25 silly get     etag: '"20NRNBOLS4QZRDJKO2H7T04QZ"',
25 silly get     'content-type': 'application/json',
25 silly get     'content-encoding': 'gzip',
25 silly get     'cache-control': 'max-age=300',
25 silly get     'content-length': '19444',
25 silly get     'accept-ranges': 'bytes',
25 silly get     date: 'Fri, 29 Apr 2016 06:04:31 GMT',
25 silly get     via: '1.1 varnish',
25 silly get     age: '61',
25 silly get     connection: 'keep-alive',
25 silly get     'x-served-by': 'cache-nrt6133-NRT',
25 silly get     'x-cache': 'HIT',
25 silly get     'x-cache-hits': '2',
25 silly get     'x-timer': 'S1461909871.150983,VS0,VE0',
25 silly get     vary: 'Accept-Encoding' } ]
26 verbose get saving jade to /Users/kenzo/.npm/registry.npmjs.org/jade/.cache.json
27 silly addNameTag next cb for jade with tag latest
28 silly addNamed jade@1.11.0
29 verbose addNamed "1.11.0" is a plain semver version for jade
30 warn deprecated jade@1.11.0: Jade has been renamed to pug, please install the latest version of pug instead of jade
31 silly cache afterAdd jade@1.11.0
32 verbose afterAdd /Users/kenzo/.npm/jade/1.11.0/package/package.json not in flight; writing
33 verbose afterAdd /Users/kenzo/.npm/jade/1.11.0/package/package.json written
34 silly install resolved [ { name: 'jade',
34 silly install resolved     description: 'A clean, whitespace-sensitive template language for writing HTML',
34 silly install resolved     version: '1.11.0',
34 silly install resolved     author: { name: 'TJ Holowaychuk', email: 'tj@vision-media.ca' },
34 silly install resolved     maintainers: [ [Object], [Object], [Object], [Object] ],
34 silly install resolved     license: 'MIT',
34 silly install resolved     repository: { type: 'git', url: 'git://github.com/jadejs/jade.git' },
34 silly install resolved     main: 'lib',
34 silly install resolved     bin: { jade: './bin/jade.js' },
34 silly install resolved     dependencies:
34 silly install resolved      { 'character-parser': '1.2.1',
34 silly install resolved        'clean-css': '^3.1.9',
34 silly install resolved        commander: '~2.6.0',
34 silly install resolved        constantinople: '~3.0.1',
34 silly install resolved        jstransformer: '0.0.2',
34 silly install resolved        mkdirp: '~0.5.0',
34 silly install resolved        transformers: '2.1.0',
34 silly install resolved        'uglify-js': '^2.4.19',
34 silly install resolved        'void-elements': '~2.0.1',
34 silly install resolved        with: '~4.0.0' },
34 silly install resolved     devDependencies:
34 silly install resolved      { browserify: '*',
34 silly install resolved        'browserify-middleware': '~4.1.0',
34 silly install resolved        'code-mirror': '~3.22.0',
34 silly install resolved        'coffee-script': '*',
34 silly install resolved        coveralls: '^2.11.2',
34 silly install resolved        express: '~4.10.4',
34 silly install resolved        'github-basic': '^4.1.2',
34 silly install resolved        handle: '~1.0.0',
34 silly install resolved        'highlight-codemirror': '~4.1.0',
34 silly install resolved        inconsolata: '0.0.2',
34 silly install resolved        istanbul: '*',
34 silly install resolved        'jade-code-mirror': '~1.0.5',
34 silly install resolved        'jade-highlighter': '~1.0.5',
34 silly install resolved        'jstransformer-cdata': '0.0.3',
34 silly install resolved        'jstransformer-coffee-script': '0.0.2',
34 silly install resolved        'jstransformer-less': '^1.0.0',
34 silly install resolved        'jstransformer-marked': '0.0.1',
34 silly install resolved        'jstransformer-stylus': '0.0.1',
34 silly install resolved        'jstransformer-verbatim': '0.0.2',
34 silly install resolved        less: '<2.0.0',
34 silly install resolved        'less-file': '0.0.9',
34 silly install resolved        linify: '*',
34 silly install resolved        lsr: '^1.0.0',
34 silly install resolved        marked: '~0.3.3',
34 silly install resolved        mocha: '*',
34 silly install resolved        opener: '^1.3.0',
34 silly install resolved        'pull-request': '^3.0.0',
34 silly install resolved        rimraf: '^2.2.8',
34 silly install resolved        should: '*',
34 silly install resolved        stop: '^3.0.0-rc1',
34 silly install resolved        stylus: '*',
34 silly install resolved        twbs: '0.0.6',
34 silly install resolved        'uglify-js': '*' },
34 silly install resolved     component: { scripts: [Object] },
34 silly install resolved     scripts:
34 silly install resolved      { test: 'mocha -R spec',
34 silly install resolved        precoverage: 'rimraf coverage && rimraf cov-pt*',
34 silly install resolved        coverage: 'istanbul cover --report none --dir cov-pt0 node_modules/mocha/bin/_mocha -- -R dot',
34 silly install resolved        postcoverage: 'istanbul report --include cov-pt\\*/coverage.json && rimraf cov-pt*',
34 silly install resolved        coveralls: 'npm run coverage && cat ./coverage/lcov.info | coveralls',
34 silly install resolved        prepublish: 'npm prune && linify transform bin && npm run build',
34 silly install resolved        build: 'npm run compile',
34 silly install resolved        compile: 'npm run compile-full && npm run compile-runtime',
34 silly install resolved        'compile-full': 'browserify ./lib/index.js --standalone jade -x ./node_modules/transformers > jade.js',
34 silly install resolved        'compile-runtime': 'browserify ./lib/runtime.js --standalone jade > runtime.js' },
34 silly install resolved     browser: { fs: false, './lib/filters.js': './lib/filters-client.js' },
34 silly install resolved     homepage: 'http://jade-lang.com',
34 silly install resolved     gitHead: '31966399f86b15159f2ff47dff99fbf4c92fadd5',
34 silly install resolved     bugs: { url: 'https://github.com/jadejs/jade/issues' },
34 silly install resolved     _id: 'jade@1.11.0',
34 silly install resolved     _shasum: '9c80e538c12d3fb95c8d9bb9559fa0cc040405fd',
34 silly install resolved     _from: 'jade@latest',
34 silly install resolved     _npmVersion: '2.11.0',
34 silly install resolved     _nodeVersion: '2.2.1',
34 silly install resolved     _npmUser: { name: 'alubbe', email: 'npm@lubbe.org' },
34 silly install resolved     dist:
34 silly install resolved      { shasum: '9c80e538c12d3fb95c8d9bb9559fa0cc040405fd',
34 silly install resolved        tarball: 'https://registry.npmjs.org/jade/-/jade-1.11.0.tgz' },
34 silly install resolved     deprecated: 'Jade has been renamed to pug, please install the latest version of pug instead of jade',
34 silly install resolved     directories: {},
34 silly install resolved     _resolved: 'https://registry.npmjs.org/jade/-/jade-1.11.0.tgz',
34 silly install resolved     readme: 'ERROR: No README data found!' } ]
35 info install jade@1.11.0 into /usr/local/lib
36 info installOne jade@1.11.0
37 verbose installOne of jade to /usr/local/lib not in flight; installing
38 verbose lock using /Users/kenzo/.npm/_locks/jade-a5bf0277675e407f.lock for /usr/local/lib/node_modules/jade
39 silly install write writing jade 1.11.0 to /usr/local/lib/node_modules/jade
40 verbose unbuild lib/node_modules/jade
41 silly gentlyRm /usr/local/lib/node_modules/jade is being purged from base /usr/local
42 verbose gentlyRm don't care about contents; nuking /usr/local/lib/node_modules/jade
43 verbose tar unpack /Users/kenzo/.npm/jade/1.11.0/package.tgz
44 verbose tar unpacking to /usr/local/lib/node_modules/jade
45 silly gentlyRm /usr/local/lib/node_modules/jade is being purged
46 verbose gentlyRm don't care about contents; nuking /usr/local/lib/node_modules/jade
47 silly gunzTarPerm modes [ '755', '644' ]
48 error tar.unpack untar error /Users/kenzo/.npm/jade/1.11.0/package.tgz
49 verbose unlock done using /Users/kenzo/.npm/_locks/jade-a5bf0277675e407f.lock for /usr/local/lib/node_modules/jade
50 verbose fstream_path /usr/local/lib/node_modules/jade
51 verbose fstream_type Directory
52 verbose fstream_class DirWriter
53 verbose stack Error: EACCES: permission denied, mkdir '/usr/local/lib/node_modules/jade'
53 verbose stack     at Error (native)
54 verbose fstream_stack /usr/local/lib/node_modules/npm/node_modules/fstream/lib/dir-writer.js:35:25
54 verbose fstream_stack /usr/local/lib/node_modules/npm/node_modules/mkdirp/index.js:47:53
54 verbose fstream_stack FSReqWrap.oncomplete (fs.js:82:15)
55 verbose cwd /Users/kenzo/Desktop/expressjs/example
56 error Darwin 14.5.0
57 error argv "/usr/local/bin/node" "/usr/local/bin/npm" "install" "-g" "jade"
58 error node v4.2.6
59 error npm  v2.14.12
60 error path /usr/local/lib/node_modules/jade
61 error code EACCES
62 error errno -13
63 error syscall mkdir
64 error Error: EACCES: permission denied, mkdir '/usr/local/lib/node_modules/jade'
64 error     at Error (native)
64 error  { [Error: EACCES: permission denied, mkdir '/usr/local/lib/node_modules/jade']
64 error   errno: -13,
64 error   code: 'EACCES',
64 error   syscall: 'mkdir',
64 error   path: '/usr/local/lib/node_modules/jade',
64 error   fstream_type: 'Directory',
64 error   fstream_path: '/usr/local/lib/node_modules/jade',
64 error   fstream_class: 'DirWriter',
64 error   fstream_stack:
64 error    [ '/usr/local/lib/node_modules/npm/node_modules/fstream/lib/dir-writer.js:35:25',
64 error      '/usr/local/lib/node_modules/npm/node_modules/mkdirp/index.js:47:53',
64 error      'FSReqWrap.oncomplete (fs.js:82:15)' ] }
65 error Please try running this command again as root/Administrator.
66 verbose exit [ -13, true ]
67 verbose unbuild lib/node_modules/jade
68 silly gentlyRm /usr/local/lib/node_modules/jade is being purged from base /usr/local
69 verbose gentlyRm don't care about contents; nuking /usr/local/lib/node_modules/jade
